<?xml version="1.0" encoding="UTF-8"?>
<testng-results skipped="0" failed="0" total="1" passed="1">
  <reporter-output>
  </reporter-output>
  <suite name="Default suite" duration-ms="50861" started-at="2021-01-13T06:46:05Z" finished-at="2021-01-13T06:46:56Z">
    <groups>
    </groups>
    <test name="Default test" duration-ms="50861" started-at="2021-01-13T06:46:05Z" finished-at="2021-01-13T06:46:56Z">
      <class name="TestClass.LoginTest">
        <test-method status="PASS" signature="initializeTestBaseSetup()[pri:0, instance:TestClass.LoginTest@76505305]" name="initializeTestBaseSetup" is-config="true" duration-ms="9322" started-at="2021-01-13T12:16:05Z" finished-at="2021-01-13T12:16:15Z">
          <reporter-output>
          </reporter-output>
        </test-method> <!-- initializeTestBaseSetup -->
        <test-method status="PASS" signature="login()[pri:0, instance:TestClass.LoginTest@76505305]" name="login" duration-ms="41324" started-at="2021-01-13T12:16:15Z" finished-at="2021-01-13T12:16:56Z">
          <reporter-output>
          </reporter-output>
        </test-method> <!-- login -->
        <test-method status="PASS" signature="tearDown()[pri:0, instance:TestClass.LoginTest@76505305]" name="tearDown" is-config="true" duration-ms="203" started-at="2021-01-13T12:16:56Z" finished-at="2021-01-13T12:16:56Z">
          <reporter-output>
          </reporter-output>
        </test-method> <!-- tearDown -->
      </class> <!-- TestClass.LoginTest -->
    </test> <!-- Default test -->
  </suite> <!-- Default suite -->
</testng-results>
